2025-10-26 19:55:14 INFO - 
===============
| ENSURE DATA |
===============
2025-10-26 19:55:14 INFO - Wrote class mapping to data/class_indices.json
2025-10-26 20:09:56 INFO - 
===============
| ENSURE DATA |
===============
2025-10-26 20:09:56 INFO - Wrote class mapping to data/class_indices.json
2025-10-27 02:17:08 INFO - 
===============
| ENSURE DATA |
===============
2025-10-27 02:17:08 INFO - Wrote class mapping to data/class_indices.json
2025-10-27 02:17:47 INFO - 
===============
| ENSURE DATA |
===============
2025-10-27 02:17:47 INFO - Wrote class mapping to data/class_indices.json
2025-10-27 11:42:01 INFO - 
===============
| ENSURE DATA |
===============
2025-10-27 11:42:01 INFO - Wrote class mapping to data/class_indices.json
2025-10-27 12:05:52 INFO - 
===============
| ENSURE DATA |
===============
2025-10-27 12:05:52 INFO - Wrote class mapping to data/class_indices.json
2025-10-27 12:21:15 INFO - 
===============
| ENSURE DATA |
===============
2025-10-27 12:21:15 INFO - Wrote class mapping to data/class_indices.json
2025-10-27 12:52:05 INFO - 
===============
| ENSURE DATA |
===============
2025-10-27 12:52:05 INFO - Wrote class mapping to data/class_indices.json
2025-10-27 13:23:29 INFO - 
===============
| ENSURE DATA |
===============
2025-10-27 13:23:29 INFO - Wrote class mapping to data/class_indices.json
2025-10-27 14:11:41 INFO - 
===============
| ENSURE DATA |
===============
2025-10-27 14:11:41 INFO - Wrote class mapping to data\class_indices.json
2025-10-27 14:17:06 INFO - 
===============
| ENSURE DATA |
===============
2025-10-27 14:17:06 INFO - Wrote class mapping to data\class_indices.json
2025-10-27 14:20:10 INFO - 
===============
| ENSURE DATA |
===============
2025-10-27 14:20:10 INFO - Wrote class mapping to data\class_indices.json
2025-10-27 14:23:35 INFO - 
===============
| ENSURE DATA |
===============
2025-10-27 14:23:35 INFO - Wrote class mapping to data\class_indices.json
2025-10-27 14:27:31 INFO - 
===============
| ENSURE DATA |
===============
2025-10-27 14:27:31 INFO - Wrote class mapping to data\class_indices.json
2025-10-27 14:31:29 INFO - 
===============
| ENSURE DATA |
===============
2025-10-27 14:31:29 INFO - Wrote class mapping to data\class_indices.json
2025-10-27 14:35:40 INFO - 
===============
| ENSURE DATA |
===============
2025-10-27 14:35:40 INFO - Wrote class mapping to data\class_indices.json
2025-10-27 14:39:48 INFO - 
===============
| ENSURE DATA |
===============
2025-10-27 14:39:48 INFO - Wrote class mapping to data\class_indices.json
